# JRE version: Java(TM) SE Runtime Environment (17.0.5+9) (build 17.0.5+9-LTS-191)
# Java VM: Java HotSpot(TM) 64-Bit Server VM (17.0.5+9-LTS-191, mixed mode, sharing, tiered, compressed oops, compressed class ptrs, g1 gc, windows-amd64)
GC Precious Log:
 CPUs: 8 total, 8 available
 Memory: 7502M
 Large Page Support: Disabled
 NUMA Support: Disabled
 Compressed Oops: Enabled (32-bit)
 Heap Region Size: 1M
 Heap Min Capacity: 8M
 Heap Initial Capacity: 118M
 Heap Max Capacity: 1876M
 Pre-touch: Disabled
 Parallel Workers: 8
 Concurrent Workers: 2
 Concurrent Refinement Workers: 8
 Periodic GC: Disabled
Heap:
 garbage-first heap   total 61440K, used 39918K [0x000000008ac00000, 0x0000000100000000)
  region size 1024K, 19 young (19456K), 3 survivors (3072K)
 Metaspace       used 43880K, committed 44288K, reserved 1089536K
  class space    used 5687K, committed 5888K, reserved 1048576K
GC Heap History (20 events):
Event: 4.076 GC heap before
{Heap before GC invocations=1 (full 0):
 garbage-first heap   total 120832K, used 29856K [0x000000008ac00000, 0x0000000100000000)
  region size 1024K, 24 young (24576K), 3 survivors (3072K)
 Metaspace       used 10038K, committed 10240K, reserved 1064960K
  class space    used 1246K, committed 1344K, reserved 1048576K
}
Event: 4.093 GC heap after
{Heap after GC invocations=2 (full 0):
 garbage-first heap   total 120832K, used 10791K [0x000000008ac00000, 0x0000000100000000)
  region size 1024K, 2 young (2048K), 2 survivors (2048K)
 Metaspace       used 10038K, committed 10240K, reserved 1064960K
  class space    used 1246K, committed 1344K, reserved 1048576K
}
Event: 7.562 GC heap before
{Heap before GC invocations=2 (full 0):
 garbage-first heap   total 120832K, used 50727K [0x000000008ac00000, 0x0000000100000000)
  region size 1024K, 42 young (43008K), 2 survivors (2048K)
 Metaspace       used 19184K, committed 19520K, reserved 1073152K
  class space    used 2462K, committed 2624K, reserved 1048576K
}
Event: 7.571 GC heap after
{Heap after GC invocations=3 (full 0):
 garbage-first heap   total 120832K, used 12656K [0x000000008ac00000, 0x0000000100000000)
  region size 1024K, 4 young (4096K), 4 survivors (4096K)
 Metaspace       used 19184K, committed 19520K, reserved 1073152K
  class space    used 2462K, committed 2624K, reserved 1048576K
}
Event: 8.404 GC heap before
{Heap before GC invocations=3 (full 0):
 garbage-first heap   total 120832K, used 25968K [0x000000008ac00000, 0x0000000100000000)
  region size 1024K, 18 young (18432K), 4 survivors (4096K)
 Metaspace       used 21269K, committed 21504K, reserved 1073152K
  class space    used 2832K, committed 2944K, reserved 1048576K
}
Event: 8.419 GC heap after
{Heap after GC invocations=4 (full 0):
 garbage-first heap   total 120832K, used 13828K [0x000000008ac00000, 0x0000000100000000)
  region size 1024K, 5 young (5120K), 5 survivors (5120K)
 Metaspace       used 21269K, committed 21504K, reserved 1073152K
  class space    used 2832K, committed 2944K, reserved 1048576K
}
Event: 9.872 GC heap before
{Heap before GC invocations=5 (full 0):
 garbage-first heap   total 51200K, used 38404K [0x000000008ac00000, 0x0000000100000000)
  region size 1024K, 30 young (30720K), 5 survivors (5120K)
 Metaspace       used 25058K, committed 25408K, reserved 1073152K
  class space    used 3320K, committed 3520K, reserved 1048576K
}
Event: 9.893 GC heap after
{Heap after GC invocations=6 (full 0):
 garbage-first heap   total 51200K, used 16938K [0x000000008ac00000, 0x0000000100000000)
  region size 1024K, 4 young (4096K), 4 survivors (4096K)
 Metaspace       used 25058K, committed 25408K, reserved 1073152K
  class space    used 3320K, committed 3520K, reserved 1048576K
}
Event: 11.917 GC heap before
{Heap before GC invocations=6 (full 0):
 garbage-first heap   total 51200K, used 35370K [0x000000008ac00000, 0x0000000100000000)
  region size 1024K, 22 young (22528K), 4 survivors (4096K)
 Metaspace       used 26211K, committed 26496K, reserved 1073152K
  class space    used 3447K, committed 3584K, reserved 1048576K
}
Event: 11.934 GC heap after
{Heap after GC invocations=7 (full 0):
 garbage-first heap   total 51200K, used 19016K [0x000000008ac00000, 0x0000000100000000)
  region size 1024K, 2 young (2048K), 2 survivors (2048K)
 Metaspace       used 26211K, committed 26496K, reserved 1073152K
  class space    used 3447K, committed 3584K, reserved 1048576K
}
Event: 13.997 GC heap before
{Heap before GC invocations=7 (full 0):
 garbage-first heap   total 51200K, used 36424K [0x000000008ac00000, 0x0000000100000000)
  region size 1024K, 20 young (20480K), 2 survivors (2048K)
 Metaspace       used 28399K, committed 28736K, reserved 1081344K
  class space    used 3712K, committed 3904K, reserved 1048576K
}
Event: 14.010 GC heap after
{Heap after GC invocations=8 (full 0):
 garbage-first heap   total 51200K, used 19843K [0x000000008ac00000, 0x0000000100000000)
  region size 1024K, 3 young (3072K), 3 survivors (3072K)
 Metaspace       used 28399K, committed 28736K, reserved 1081344K
  class space    used 3712K, committed 3904K, reserved 1048576K
}
Event: 15.698 GC heap before
{Heap before GC invocations=8 (full 0):
 garbage-first heap   total 51200K, used 37251K [0x000000008ac00000, 0x0000000100000000)
  region size 1024K, 21 young (21504K), 3 survivors (3072K)
 Metaspace       used 30418K, committed 30784K, reserved 1081344K
  class space    used 4029K, committed 4224K, reserved 1048576K
}
Event: 15.712 GC heap after
{Heap after GC invocations=9 (full 0):
 garbage-first heap   total 51200K, used 21186K [0x000000008ac00000, 0x0000000100000000)
  region size 1024K, 3 young (3072K), 3 survivors (3072K)
 Metaspace       used 30418K, committed 30784K, reserved 1081344K
  class space    used 4029K, committed 4224K, reserved 1048576K
}
Event: 17.562 GC heap before
{Heap before GC invocations=9 (full 0):
 garbage-first heap   total 51200K, used 38594K [0x000000008ac00000, 0x0000000100000000)
  region size 1024K, 20 young (20480K), 3 survivors (3072K)
 Metaspace       used 33094K, committed 33536K, reserved 1081344K
  class space    used 4401K, committed 4608K, reserved 1048576K
}
Event: 17.586 GC heap after
{Heap after GC invocations=10 (full 0):
 garbage-first heap   total 51200K, used 22927K [0x000000008ac00000, 0x0000000100000000)
  region size 1024K, 3 young (3072K), 3 survivors (3072K)
 Metaspace       used 33094K, committed 33536K, reserved 1081344K
  class space    used 4401K, committed 4608K, reserved 1048576K
}
Event: 19.510 GC heap before
{Heap before GC invocations=10 (full 0):
 garbage-first heap   total 51200K, used 33167K [0x000000008ac00000, 0x0000000100000000)
  region size 1024K, 15 young (15360K), 3 survivors (3072K)
 Metaspace       used 35793K, committed 36160K, reserved 1081344K
  class space    used 4681K, committed 4864K, reserved 1048576K
}
Event: 19.524 GC heap after
{Heap after GC invocations=11 (full 0):
 garbage-first heap   total 61440K, used 24280K [0x000000008ac00000, 0x0000000100000000)
  region size 1024K, 2 young (2048K), 2 survivors (2048K)
 Metaspace       used 35793K, committed 36160K, reserved 1081344K
  class space    used 4681K, committed 4864K, reserved 1048576K
}
Event: 22.570 GC heap before
{Heap before GC invocations=12 (full 0):
 garbage-first heap   total 61440K, used 45784K [0x000000008ac00000, 0x0000000100000000)
  region size 1024K, 24 young (24576K), 2 survivors (2048K)
 Metaspace       used 40140K, committed 40576K, reserved 1089536K
  class space    used 5219K, committed 5440K, reserved 1048576K
}
Event: 22.583 GC heap after
{Heap after GC invocations=13 (full 0):
 garbage-first heap   total 61440K, used 25582K [0x000000008ac00000, 0x0000000100000000)
  region size 1024K, 3 young (3072K), 3 survivors (3072K)
 Metaspace       used 40140K, committed 40576K, reserved 1089536K
  class space    used 5219K, committed 5440K, reserved 1048576K
}

