# JRE version: Java(TM) SE Runtime Environment (17.0.5+9) (build 17.0.5+9-LTS-191)
# Java VM: Java HotSpot(TM) 64-Bit Server VM (17.0.5+9-LTS-191, mixed mode, sharing, tiered, compressed oops, compressed class ptrs, g1 gc, windows-amd64)
GC Precious Log:
 CPUs: 8 total, 8 available
 Memory: 7502M
 Large Page Support: Disabled
 NUMA Support: Disabled
 Compressed Oops: Enabled (32-bit)
 Heap Region Size: 1M
 Heap Min Capacity: 8M
 Heap Initial Capacity: 118M
 Heap Max Capacity: 1876M
 Pre-touch: Disabled
 Parallel Workers: 8
 Concurrent Workers: 2
 Concurrent Refinement Workers: 8
 Periodic GC: Disabled
Heap:
 garbage-first heap   total 165888K, used 59118K [0x000000008ac00000, 0x0000000100000000)
  region size 1024K, 14 young (14336K), 2 survivors (2048K)
 Metaspace       used 82743K, committed 83328K, reserved 1122304K
  class space    used 11383K, committed 11648K, reserved 1048576K
GC Heap History (20 events):
Event: 49.953 GC heap before
{Heap before GC invocations=31 (full 0):
 garbage-first heap   total 82944K, used 37041K [0x000000008ac00000, 0x0000000100000000)
  region size 1024K, 5 young (5120K), 4 survivors (4096K)
 Metaspace       used 71998K, committed 72512K, reserved 1114112K
  class space    used 9896K, committed 10176K, reserved 1048576K
}
Event: 49.968 GC heap after
{Heap after GC invocations=32 (full 0):
 garbage-first heap   total 82944K, used 36116K [0x000000008ac00000, 0x0000000100000000)
  region size 1024K, 1 young (1024K), 1 survivors (1024K)
 Metaspace       used 71998K, committed 72512K, reserved 1114112K
  class space    used 9896K, committed 10176K, reserved 1048576K
}
Event: 52.378 GC heap before
{Heap before GC invocations=32 (full 0):
 garbage-first heap   total 82944K, used 66836K [0x000000008ac00000, 0x0000000100000000)
  region size 1024K, 31 young (31744K), 1 survivors (1024K)
 Metaspace       used 73882K, committed 74496K, reserved 1114112K
  class space    used 10145K, committed 10432K, reserved 1048576K
}
Event: 52.389 GC heap after
{Heap after GC invocations=33 (full 0):
 garbage-first heap   total 82944K, used 37916K [0x000000008ac00000, 0x0000000100000000)
  region size 1024K, 3 young (3072K), 3 survivors (3072K)
 Metaspace       used 73882K, committed 74496K, reserved 1114112K
  class space    used 10145K, committed 10432K, reserved 1048576K
}
Event: 54.332 GC heap before
{Heap before GC invocations=33 (full 0):
 garbage-first heap   total 82944K, used 66588K [0x000000008ac00000, 0x0000000100000000)
  region size 1024K, 31 young (31744K), 3 survivors (3072K)
 Metaspace       used 75224K, committed 75776K, reserved 1122304K
  class space    used 10372K, committed 10624K, reserved 1048576K
}
Event: 54.361 GC heap after
{Heap after GC invocations=34 (full 0):
 garbage-first heap   total 82944K, used 40023K [0x000000008ac00000, 0x0000000100000000)
  region size 1024K, 3 young (3072K), 3 survivors (3072K)
 Metaspace       used 75224K, committed 75776K, reserved 1122304K
  class space    used 10372K, committed 10624K, reserved 1048576K
}
Event: 57.016 GC heap before
{Heap before GC invocations=34 (full 0):
 garbage-first heap   total 82944K, used 66647K [0x000000008ac00000, 0x0000000100000000)
  region size 1024K, 29 young (29696K), 3 survivors (3072K)
 Metaspace       used 80586K, committed 81152K, reserved 1122304K
  class space    used 11111K, committed 11392K, reserved 1048576K
}
Event: 57.045 GC heap after
{Heap after GC invocations=35 (full 0):
 garbage-first heap   total 82944K, used 42038K [0x000000008ac00000, 0x0000000100000000)
  region size 1024K, 3 young (3072K), 3 survivors (3072K)
 Metaspace       used 80586K, committed 81152K, reserved 1122304K
  class space    used 11111K, committed 11392K, reserved 1048576K
}
Event: 62.374 GC heap before
{Heap before GC invocations=36 (full 0):
 garbage-first heap   total 82944K, used 65590K [0x000000008ac00000, 0x0000000100000000)
  region size 1024K, 27 young (27648K), 3 survivors (3072K)
 Metaspace       used 82129K, committed 82688K, reserved 1122304K
  class space    used 11361K, committed 11648K, reserved 1048576K
}
Event: 62.392 GC heap after
{Heap after GC invocations=37 (full 0):
 garbage-first heap   total 82944K, used 44673K [0x000000008ac00000, 0x0000000100000000)
  region size 1024K, 4 young (4096K), 4 survivors (4096K)
 Metaspace       used 82129K, committed 82688K, reserved 1122304K
  class space    used 11361K, committed 11648K, reserved 1048576K
}
Event: 62.548 GC heap before
{Heap before GC invocations=37 (full 0):
 garbage-first heap   total 82944K, used 45697K [0x000000008ac00000, 0x0000000100000000)
  region size 1024K, 5 young (5120K), 4 survivors (4096K)
 Metaspace       used 82133K, committed 82688K, reserved 1122304K
  class space    used 11361K, committed 11648K, reserved 1048576K
}
Event: 62.568 GC heap after
{Heap after GC invocations=38 (full 0):
 garbage-first heap   total 82944K, used 44977K [0x000000008ac00000, 0x0000000100000000)
  region size 1024K, 1 young (1024K), 1 survivors (1024K)
 Metaspace       used 82133K, committed 82688K, reserved 1122304K
  class space    used 11361K, committed 11648K, reserved 1048576K
}
Event: 65.900 GC heap before
{Heap before GC invocations=38 (full 0):
 garbage-first heap   total 82944K, used 66481K [0x000000008ac00000, 0x0000000100000000)
  region size 1024K, 22 young (22528K), 1 survivors (1024K)
 Metaspace       used 82242K, committed 82880K, reserved 1122304K
  class space    used 11362K, committed 11648K, reserved 1048576K
}
Event: 65.910 GC heap after
{Heap after GC invocations=39 (full 0):
 garbage-first heap   total 82944K, used 46153K [0x000000008ac00000, 0x0000000100000000)
  region size 1024K, 2 young (2048K), 2 survivors (2048K)
 Metaspace       used 82242K, committed 82880K, reserved 1122304K
  class space    used 11362K, committed 11648K, reserved 1048576K
}
Event: 67.696 GC heap before
{Heap before GC invocations=40 (full 0):
 garbage-first heap   total 82944K, used 65609K [0x000000008ac00000, 0x0000000100000000)
  region size 1024K, 22 young (22528K), 2 survivors (2048K)
 Metaspace       used 82381K, committed 82944K, reserved 1122304K
  class space    used 11372K, committed 11648K, reserved 1048576K
}
Event: 67.709 GC heap after
{Heap after GC invocations=41 (full 0):
 garbage-first heap   total 82944K, used 47567K [0x000000008ac00000, 0x0000000100000000)
  region size 1024K, 2 young (2048K), 2 survivors (2048K)
 Metaspace       used 82381K, committed 82944K, reserved 1122304K
  class space    used 11372K, committed 11648K, reserved 1048576K
}
Event: 67.856 GC heap before
{Heap before GC invocations=41 (full 0):
 garbage-first heap   total 82944K, used 49615K [0x000000008ac00000, 0x0000000100000000)
  region size 1024K, 4 young (4096K), 2 survivors (2048K)
 Metaspace       used 82450K, committed 83008K, reserved 1122304K
  class space    used 11373K, committed 11648K, reserved 1048576K
}
Event: 67.877 GC heap after
{Heap after GC invocations=42 (full 0):
 garbage-first heap   total 82944K, used 46702K [0x000000008ac00000, 0x0000000100000000)
  region size 1024K, 1 young (1024K), 1 survivors (1024K)
 Metaspace       used 82450K, committed 83008K, reserved 1122304K
  class space    used 11373K, committed 11648K, reserved 1048576K
}
Event: 68.976 GC heap before
{Heap before GC invocations=42 (full 0):
 garbage-first heap   total 82944K, used 66158K [0x000000008ac00000, 0x0000000100000000)
  region size 1024K, 20 young (20480K), 1 survivors (1024K)
 Metaspace       used 82710K, committed 83328K, reserved 1122304K
  class space    used 11383K, committed 11648K, reserved 1048576K
}
Event: 68.986 GC heap after
{Heap after GC invocations=43 (full 0):
 garbage-first heap   total 165888K, used 47854K [0x000000008ac00000, 0x0000000100000000)
  region size 1024K, 2 young (2048K), 2 survivors (2048K)
 Metaspace       used 82710K, committed 83328K, reserved 1122304K
  class space    used 11383K, committed 11648K, reserved 1048576K
}

